<?xml version="1.0" encoding="UTF-8"?>
<!-- Generated by org.testng.reporters.JUnitReportReporter -->
<testsuite hostname="Syeds-MBP.fios-router.home" name="com.webdriver.selenium.mastering.basicTestWD" tests="4" failures="0" timestamp="25 Jan 2016 23:06:44 GMT" time="11.079" errors="0">
  <testcase name="googleIceCreamExample" time="4.332" classname="com.webdriver.selenium.mastering.basicTestWD"/>
  <testcase name="googleMilkExample" time="1.363" classname="com.webdriver.selenium.mastering.basicTestWD"/>
  <testcase name="googleYogurtExample" time="1.480" classname="com.webdriver.selenium.mastering.basicTestWD"/>
  <testcase name="googleCheeseExample" time="3.904" classname="com.webdriver.selenium.mastering.basicTestWD"/>
</testsuite> <!-- com.webdriver.selenium.mastering.basicTestWD -->
